[32m2026-03-09 22:10:39 +0800[0m - dagster - [34mDEBUG[0m - __ASSET_JOB - a6228101-1c04-4b4e-8867-f5dd02e047b2 - 134398 - LOGS_CAPTURED - Started capturing logs in process (pid: 134398).
[32m2026-03-09 22:10:39 +0800[0m - dagster - [34mDEBUG[0m - __ASSET_JOB - a6228101-1c04-4b4e-8867-f5dd02e047b2 - 134398 - staging_tables - STEP_START - Started execution of step "staging_tables".
[32m2026-03-09 22:10:41 +0800[0m - dagster - [34mINFO[0m - __ASSET_JOB - a6228101-1c04-4b4e-8867-f5dd02e047b2 - staging_tables - Dataset 'olist_staging' ready.
[32m2026-03-09 22:10:41 +0800[0m - dagster - [34mINFO[0m - __ASSET_JOB - a6228101-1c04-4b4e-8867-f5dd02e047b2 - staging_tables - Loading olist_customers_dataset.csv -> customers ...
[32m2026-03-09 22:10:49 +0800[0m - dagster - [34mINFO[0m - __ASSET_JOB - a6228101-1c04-4b4e-8867-f5dd02e047b2 - staging_tables -   done. 99441 rows loaded.
[32m2026-03-09 22:10:49 +0800[0m - dagster - [34mINFO[0m - __ASSET_JOB - a6228101-1c04-4b4e-8867-f5dd02e047b2 - staging_tables - Loading olist_sellers_dataset.csv -> sellers ...
[32m2026-03-09 22:10:53 +0800[0m - dagster - [34mINFO[0m - __ASSET_JOB - a6228101-1c04-4b4e-8867-f5dd02e047b2 - staging_tables -   done. 3095 rows loaded.
[32m2026-03-09 22:10:54 +0800[0m - dagster - [34mINFO[0m - __ASSET_JOB - a6228101-1c04-4b4e-8867-f5dd02e047b2 - staging_tables - Loading olist_products_dataset.csv -> products ...
[32m2026-03-09 22:10:57 +0800[0m - dagster - [34mINFO[0m - __ASSET_JOB - a6228101-1c04-4b4e-8867-f5dd02e047b2 - staging_tables -   done. 32951 rows loaded.
[32m2026-03-09 22:10:58 +0800[0m - dagster - [34mINFO[0m - __ASSET_JOB - a6228101-1c04-4b4e-8867-f5dd02e047b2 - staging_tables - Loading product_category_name_translation.csv -> products_category_name_translation ...
[32m2026-03-09 22:11:02 +0800[0m - dagster - [34mINFO[0m - __ASSET_JOB - a6228101-1c04-4b4e-8867-f5dd02e047b2 - staging_tables -   done. 71 rows loaded.
[32m2026-03-09 22:11:03 +0800[0m - dagster - [34mINFO[0m - __ASSET_JOB - a6228101-1c04-4b4e-8867-f5dd02e047b2 - staging_tables - Loading olist_geolocation_dataset.csv -> geolocation ...
[32m2026-03-09 22:11:14 +0800[0m - dagster - [34mINFO[0m - __ASSET_JOB - a6228101-1c04-4b4e-8867-f5dd02e047b2 - staging_tables -   done. 1000163 rows loaded.
[32m2026-03-09 22:11:15 +0800[0m - dagster - [34mINFO[0m - __ASSET_JOB - a6228101-1c04-4b4e-8867-f5dd02e047b2 - staging_tables - Loading olist_orders_dataset.csv -> orders ...
[32m2026-03-09 22:11:26 +0800[0m - dagster - [34mINFO[0m - __ASSET_JOB - a6228101-1c04-4b4e-8867-f5dd02e047b2 - staging_tables -   done. 99441 rows loaded.
[32m2026-03-09 22:11:27 +0800[0m - dagster - [34mINFO[0m - __ASSET_JOB - a6228101-1c04-4b4e-8867-f5dd02e047b2 - staging_tables - Loading olist_order_items_dataset.csv -> order_items ...
[32m2026-03-09 22:11:34 +0800[0m - dagster - [34mINFO[0m - __ASSET_JOB - a6228101-1c04-4b4e-8867-f5dd02e047b2 - staging_tables -   done. 112650 rows loaded.
[32m2026-03-09 22:11:34 +0800[0m - dagster - [34mINFO[0m - __ASSET_JOB - a6228101-1c04-4b4e-8867-f5dd02e047b2 - staging_tables - Loading olist_order_payments_dataset.csv -> order_payments ...
[32m2026-03-09 22:11:51 +0800[0m - dagster - [34mINFO[0m - __ASSET_JOB - a6228101-1c04-4b4e-8867-f5dd02e047b2 - staging_tables -   done. 103886 rows loaded.
[32m2026-03-09 22:11:52 +0800[0m - dagster - [34mINFO[0m - __ASSET_JOB - a6228101-1c04-4b4e-8867-f5dd02e047b2 - staging_tables - Loading olist_order_reviews_dataset.csv -> order_reviews ...
[32m2026-03-09 22:12:00 +0800[0m - dagster - [34mINFO[0m - __ASSET_JOB - a6228101-1c04-4b4e-8867-f5dd02e047b2 - staging_tables -   done. 99224 rows loaded.
[32m2026-03-09 22:12:00 +0800[0m - dagster - [34mINFO[0m - __ASSET_JOB - a6228101-1c04-4b4e-8867-f5dd02e047b2 - staging_tables - All tables loaded successfully.
[32m2026-03-09 22:12:00 +0800[0m - dagster - [34mDEBUG[0m - __ASSET_JOB - a6228101-1c04-4b4e-8867-f5dd02e047b2 - 134398 - staging_tables - STEP_OUTPUT - Yielded output "result" of type "Any". (Type check passed).
[32m2026-03-09 22:12:00 +0800[0m - dagster - [34mDEBUG[0m - __ASSET_JOB - a6228101-1c04-4b4e-8867-f5dd02e047b2 - 134398 - staging_tables - ASSET_MATERIALIZATION - Materialized value staging_tables.
[32m2026-03-09 22:12:00 +0800[0m - dagster - [34mDEBUG[0m - __ASSET_JOB - a6228101-1c04-4b4e-8867-f5dd02e047b2 - 134398 - staging_tables - STEP_SUCCESS - Finished execution of step "staging_tables" in 1m21s.
