[32m2026-03-09 22:04:01 +0800[0m - dagster - [34mDEBUG[0m - elt_job - 7c2b3067-14a0-4120-a5cf-6b81582be026 - 115569 - LOGS_CAPTURED - Started capturing logs in process (pid: 115569).
[32m2026-03-09 22:04:01 +0800[0m - dagster - [34mDEBUG[0m - elt_job - 7c2b3067-14a0-4120-a5cf-6b81582be026 - 115569 - staging_tables - STEP_START - Started execution of step "staging_tables".
[32m2026-03-09 22:04:03 +0800[0m - dagster - [34mINFO[0m - elt_job - 7c2b3067-14a0-4120-a5cf-6b81582be026 - staging_tables - Dataset 'olist_staging' ready.
[32m2026-03-09 22:04:04 +0800[0m - dagster - [34mINFO[0m - elt_job - 7c2b3067-14a0-4120-a5cf-6b81582be026 - staging_tables - Loading olist_customers_dataset.csv -> customers ...
[32m2026-03-09 22:04:10 +0800[0m - dagster - [34mINFO[0m - elt_job - 7c2b3067-14a0-4120-a5cf-6b81582be026 - staging_tables -   done. 99441 rows loaded.
[32m2026-03-09 22:04:11 +0800[0m - dagster - [34mINFO[0m - elt_job - 7c2b3067-14a0-4120-a5cf-6b81582be026 - staging_tables - Loading olist_sellers_dataset.csv -> sellers ...
[32m2026-03-09 22:04:15 +0800[0m - dagster - [34mINFO[0m - elt_job - 7c2b3067-14a0-4120-a5cf-6b81582be026 - staging_tables -   done. 3095 rows loaded.
[32m2026-03-09 22:04:16 +0800[0m - dagster - [34mINFO[0m - elt_job - 7c2b3067-14a0-4120-a5cf-6b81582be026 - staging_tables - Loading olist_products_dataset.csv -> products ...
[32m2026-03-09 22:04:21 +0800[0m - dagster - [34mINFO[0m - elt_job - 7c2b3067-14a0-4120-a5cf-6b81582be026 - staging_tables -   done. 32951 rows loaded.
[32m2026-03-09 22:04:22 +0800[0m - dagster - [34mINFO[0m - elt_job - 7c2b3067-14a0-4120-a5cf-6b81582be026 - staging_tables - Loading product_category_name_translation.csv -> products_category_name_translation ...
[32m2026-03-09 22:04:27 +0800[0m - dagster - [34mINFO[0m - elt_job - 7c2b3067-14a0-4120-a5cf-6b81582be026 - staging_tables -   done. 71 rows loaded.
[32m2026-03-09 22:04:28 +0800[0m - dagster - [34mINFO[0m - elt_job - 7c2b3067-14a0-4120-a5cf-6b81582be026 - staging_tables - Loading olist_geolocation_dataset.csv -> geolocation ...
[32m2026-03-09 22:04:37 +0800[0m - dagster - [34mINFO[0m - elt_job - 7c2b3067-14a0-4120-a5cf-6b81582be026 - staging_tables -   done. 1000163 rows loaded.
[32m2026-03-09 22:04:37 +0800[0m - dagster - [34mINFO[0m - elt_job - 7c2b3067-14a0-4120-a5cf-6b81582be026 - staging_tables - Loading olist_orders_dataset.csv -> orders ...
[32m2026-03-09 22:04:46 +0800[0m - dagster - [34mINFO[0m - elt_job - 7c2b3067-14a0-4120-a5cf-6b81582be026 - staging_tables -   done. 99441 rows loaded.
[32m2026-03-09 22:04:46 +0800[0m - dagster - [34mINFO[0m - elt_job - 7c2b3067-14a0-4120-a5cf-6b81582be026 - staging_tables - Loading olist_order_items_dataset.csv -> order_items ...
[32m2026-03-09 22:04:54 +0800[0m - dagster - [34mINFO[0m - elt_job - 7c2b3067-14a0-4120-a5cf-6b81582be026 - staging_tables -   done. 112650 rows loaded.
[32m2026-03-09 22:04:54 +0800[0m - dagster - [34mINFO[0m - elt_job - 7c2b3067-14a0-4120-a5cf-6b81582be026 - staging_tables - Loading olist_order_payments_dataset.csv -> order_payments ...
[32m2026-03-09 22:04:59 +0800[0m - dagster - [34mINFO[0m - elt_job - 7c2b3067-14a0-4120-a5cf-6b81582be026 - staging_tables -   done. 103886 rows loaded.
[32m2026-03-09 22:05:00 +0800[0m - dagster - [34mINFO[0m - elt_job - 7c2b3067-14a0-4120-a5cf-6b81582be026 - staging_tables - Loading olist_order_reviews_dataset.csv -> order_reviews ...
[32m2026-03-09 22:05:07 +0800[0m - dagster - [34mINFO[0m - elt_job - 7c2b3067-14a0-4120-a5cf-6b81582be026 - staging_tables -   done. 99224 rows loaded.
[32m2026-03-09 22:05:07 +0800[0m - dagster - [34mINFO[0m - elt_job - 7c2b3067-14a0-4120-a5cf-6b81582be026 - staging_tables - All tables loaded successfully.
[32m2026-03-09 22:05:07 +0800[0m - dagster - [34mDEBUG[0m - elt_job - 7c2b3067-14a0-4120-a5cf-6b81582be026 - 115569 - staging_tables - STEP_OUTPUT - Yielded output "result" of type "Any". (Type check passed).
[32m2026-03-09 22:05:07 +0800[0m - dagster - [34mDEBUG[0m - elt_job - 7c2b3067-14a0-4120-a5cf-6b81582be026 - 115569 - staging_tables - ASSET_MATERIALIZATION - Materialized value staging_tables.
[32m2026-03-09 22:05:07 +0800[0m - dagster - [34mDEBUG[0m - elt_job - 7c2b3067-14a0-4120-a5cf-6b81582be026 - 115569 - staging_tables - STEP_SUCCESS - Finished execution of step "staging_tables" in 1m5s.
