[32m2026-03-08 22:21:52 +0800[0m - dagster - [34mDEBUG[0m - __ASSET_JOB - 3b877be1-ddec-403e-b6a2-60193798eb7d - 650701 - LOGS_CAPTURED - Started capturing logs in process (pid: 650701).
[32m2026-03-08 22:21:52 +0800[0m - dagster - [34mDEBUG[0m - __ASSET_JOB - 3b877be1-ddec-403e-b6a2-60193798eb7d - 650701 - staging_tables - STEP_START - Started execution of step "staging_tables".
[32m2026-03-08 22:21:55 +0800[0m - dagster - [34mINFO[0m - __ASSET_JOB - 3b877be1-ddec-403e-b6a2-60193798eb7d - staging_tables - Dataset 'olist_staging' ready.
[32m2026-03-08 22:21:56 +0800[0m - dagster - [34mINFO[0m - __ASSET_JOB - 3b877be1-ddec-403e-b6a2-60193798eb7d - staging_tables - Loading olist_customers_dataset.csv -> customers ...
[32m2026-03-08 22:22:03 +0800[0m - dagster - [34mINFO[0m - __ASSET_JOB - 3b877be1-ddec-403e-b6a2-60193798eb7d - staging_tables -   done. 99441 rows loaded.
[32m2026-03-08 22:22:03 +0800[0m - dagster - [34mINFO[0m - __ASSET_JOB - 3b877be1-ddec-403e-b6a2-60193798eb7d - staging_tables - Loading olist_sellers_dataset.csv -> sellers ...
[32m2026-03-08 22:22:07 +0800[0m - dagster - [34mINFO[0m - __ASSET_JOB - 3b877be1-ddec-403e-b6a2-60193798eb7d - staging_tables -   done. 3095 rows loaded.
[32m2026-03-08 22:22:08 +0800[0m - dagster - [34mINFO[0m - __ASSET_JOB - 3b877be1-ddec-403e-b6a2-60193798eb7d - staging_tables - Loading olist_products_dataset.csv -> products ...
[32m2026-03-08 22:22:13 +0800[0m - dagster - [34mINFO[0m - __ASSET_JOB - 3b877be1-ddec-403e-b6a2-60193798eb7d - staging_tables -   done. 32951 rows loaded.
[32m2026-03-08 22:22:13 +0800[0m - dagster - [34mINFO[0m - __ASSET_JOB - 3b877be1-ddec-403e-b6a2-60193798eb7d - staging_tables - Loading product_category_name_translation.csv -> products_category_name_translation ...
[32m2026-03-08 22:22:17 +0800[0m - dagster - [34mINFO[0m - __ASSET_JOB - 3b877be1-ddec-403e-b6a2-60193798eb7d - staging_tables -   done. 71 rows loaded.
[32m2026-03-08 22:22:18 +0800[0m - dagster - [34mINFO[0m - __ASSET_JOB - 3b877be1-ddec-403e-b6a2-60193798eb7d - staging_tables - Loading olist_geolocation_dataset.csv -> geolocation ...
[32m2026-03-08 22:22:29 +0800[0m - dagster - [34mINFO[0m - __ASSET_JOB - 3b877be1-ddec-403e-b6a2-60193798eb7d - staging_tables -   done. 1000163 rows loaded.
[32m2026-03-08 22:22:30 +0800[0m - dagster - [34mINFO[0m - __ASSET_JOB - 3b877be1-ddec-403e-b6a2-60193798eb7d - staging_tables - Loading olist_orders_dataset.csv -> orders ...
[32m2026-03-08 22:22:36 +0800[0m - dagster - [34mINFO[0m - __ASSET_JOB - 3b877be1-ddec-403e-b6a2-60193798eb7d - staging_tables -   done. 99441 rows loaded.
[32m2026-03-08 22:22:37 +0800[0m - dagster - [34mINFO[0m - __ASSET_JOB - 3b877be1-ddec-403e-b6a2-60193798eb7d - staging_tables - Loading olist_order_items_dataset.csv -> order_items ...
[32m2026-03-08 22:22:44 +0800[0m - dagster - [34mINFO[0m - __ASSET_JOB - 3b877be1-ddec-403e-b6a2-60193798eb7d - staging_tables -   done. 112650 rows loaded.
[32m2026-03-08 22:22:44 +0800[0m - dagster - [34mINFO[0m - __ASSET_JOB - 3b877be1-ddec-403e-b6a2-60193798eb7d - staging_tables - Loading olist_order_payments_dataset.csv -> order_payments ...
[32m2026-03-08 22:22:50 +0800[0m - dagster - [34mINFO[0m - __ASSET_JOB - 3b877be1-ddec-403e-b6a2-60193798eb7d - staging_tables -   done. 103886 rows loaded.
[32m2026-03-08 22:22:51 +0800[0m - dagster - [34mINFO[0m - __ASSET_JOB - 3b877be1-ddec-403e-b6a2-60193798eb7d - staging_tables - Loading olist_order_reviews_dataset.csv -> order_reviews ...
[32m2026-03-08 22:22:58 +0800[0m - dagster - [34mINFO[0m - __ASSET_JOB - 3b877be1-ddec-403e-b6a2-60193798eb7d - staging_tables -   done. 99224 rows loaded.
[32m2026-03-08 22:22:58 +0800[0m - dagster - [34mINFO[0m - __ASSET_JOB - 3b877be1-ddec-403e-b6a2-60193798eb7d - staging_tables - All tables loaded successfully.
[32m2026-03-08 22:22:58 +0800[0m - dagster - [34mDEBUG[0m - __ASSET_JOB - 3b877be1-ddec-403e-b6a2-60193798eb7d - 650701 - staging_tables - STEP_OUTPUT - Yielded output "result" of type "Any". (Type check passed).
[32m2026-03-08 22:22:58 +0800[0m - dagster - [34mDEBUG[0m - __ASSET_JOB - 3b877be1-ddec-403e-b6a2-60193798eb7d - 650701 - staging_tables - ASSET_MATERIALIZATION - Materialized value staging_tables.
[32m2026-03-08 22:22:58 +0800[0m - dagster - [34mDEBUG[0m - __ASSET_JOB - 3b877be1-ddec-403e-b6a2-60193798eb7d - 650701 - staging_tables - STEP_SUCCESS - Finished execution of step "staging_tables" in 1m2s.
