[32m2026-03-13 09:59:32 +0800[0m - dagster - [34mDEBUG[0m - __ASSET_JOB - 326bc497-bb82-4608-84de-c2b60f4ed203 - 4832 - LOGS_CAPTURED - Started capturing logs in process (pid: 4832).
[32m2026-03-13 09:59:32 +0800[0m - dagster - [34mDEBUG[0m - __ASSET_JOB - 326bc497-bb82-4608-84de-c2b60f4ed203 - 4832 - staging_tables - STEP_START - Started execution of step "staging_tables".
[32m2026-03-13 09:59:34 +0800[0m - dagster - [34mINFO[0m - __ASSET_JOB - 326bc497-bb82-4608-84de-c2b60f4ed203 - staging_tables - Dataset 'olist_staging' ready.
[32m2026-03-13 09:59:35 +0800[0m - dagster - [34mINFO[0m - __ASSET_JOB - 326bc497-bb82-4608-84de-c2b60f4ed203 - staging_tables - Loading olist_customers_dataset.csv -> customers ...
[32m2026-03-13 09:59:41 +0800[0m - dagster - [34mINFO[0m - __ASSET_JOB - 326bc497-bb82-4608-84de-c2b60f4ed203 - staging_tables -   done. 99441 rows loaded.
[32m2026-03-13 09:59:41 +0800[0m - dagster - [34mINFO[0m - __ASSET_JOB - 326bc497-bb82-4608-84de-c2b60f4ed203 - staging_tables - Loading olist_sellers_dataset.csv -> sellers ...
[32m2026-03-13 09:59:45 +0800[0m - dagster - [34mINFO[0m - __ASSET_JOB - 326bc497-bb82-4608-84de-c2b60f4ed203 - staging_tables -   done. 3095 rows loaded.
[32m2026-03-13 09:59:45 +0800[0m - dagster - [34mINFO[0m - __ASSET_JOB - 326bc497-bb82-4608-84de-c2b60f4ed203 - staging_tables - Loading olist_products_dataset.csv -> products ...
[32m2026-03-13 09:59:51 +0800[0m - dagster - [34mINFO[0m - __ASSET_JOB - 326bc497-bb82-4608-84de-c2b60f4ed203 - staging_tables -   done. 32951 rows loaded.
[32m2026-03-13 09:59:52 +0800[0m - dagster - [34mINFO[0m - __ASSET_JOB - 326bc497-bb82-4608-84de-c2b60f4ed203 - staging_tables - Loading product_category_name_translation.csv -> products_category_name_translation ...
[32m2026-03-13 09:59:55 +0800[0m - dagster - [34mINFO[0m - __ASSET_JOB - 326bc497-bb82-4608-84de-c2b60f4ed203 - staging_tables -   done. 71 rows loaded.
[32m2026-03-13 09:59:56 +0800[0m - dagster - [34mINFO[0m - __ASSET_JOB - 326bc497-bb82-4608-84de-c2b60f4ed203 - staging_tables - Loading olist_geolocation_dataset.csv -> geolocation ...
[32m2026-03-13 10:00:05 +0800[0m - dagster - [34mINFO[0m - __ASSET_JOB - 326bc497-bb82-4608-84de-c2b60f4ed203 - staging_tables -   done. 1000163 rows loaded.
[32m2026-03-13 10:00:05 +0800[0m - dagster - [34mINFO[0m - __ASSET_JOB - 326bc497-bb82-4608-84de-c2b60f4ed203 - staging_tables - Loading olist_orders_dataset.csv -> orders ...
[32m2026-03-13 10:00:16 +0800[0m - dagster - [34mINFO[0m - __ASSET_JOB - 326bc497-bb82-4608-84de-c2b60f4ed203 - staging_tables -   done. 99441 rows loaded.
[32m2026-03-13 10:00:17 +0800[0m - dagster - [34mINFO[0m - __ASSET_JOB - 326bc497-bb82-4608-84de-c2b60f4ed203 - staging_tables - Loading olist_order_items_dataset.csv -> order_items ...
[32m2026-03-13 10:00:25 +0800[0m - dagster - [34mINFO[0m - __ASSET_JOB - 326bc497-bb82-4608-84de-c2b60f4ed203 - staging_tables -   done. 112650 rows loaded.
[32m2026-03-13 10:00:25 +0800[0m - dagster - [34mINFO[0m - __ASSET_JOB - 326bc497-bb82-4608-84de-c2b60f4ed203 - staging_tables - Loading olist_order_payments_dataset.csv -> order_payments ...
[32m2026-03-13 10:00:30 +0800[0m - dagster - [34mINFO[0m - __ASSET_JOB - 326bc497-bb82-4608-84de-c2b60f4ed203 - staging_tables -   done. 103886 rows loaded.
[32m2026-03-13 10:00:31 +0800[0m - dagster - [34mINFO[0m - __ASSET_JOB - 326bc497-bb82-4608-84de-c2b60f4ed203 - staging_tables - Loading olist_order_reviews_dataset.csv -> order_reviews ...
[32m2026-03-13 10:00:38 +0800[0m - dagster - [34mINFO[0m - __ASSET_JOB - 326bc497-bb82-4608-84de-c2b60f4ed203 - staging_tables -   done. 99224 rows loaded.
[32m2026-03-13 10:00:38 +0800[0m - dagster - [34mINFO[0m - __ASSET_JOB - 326bc497-bb82-4608-84de-c2b60f4ed203 - staging_tables - All tables loaded successfully.
[32m2026-03-13 10:00:38 +0800[0m - dagster - [34mDEBUG[0m - __ASSET_JOB - 326bc497-bb82-4608-84de-c2b60f4ed203 - 4832 - staging_tables - STEP_OUTPUT - Yielded output "result" of type "Any". (Type check passed).
[32m2026-03-13 10:00:39 +0800[0m - dagster - [34mDEBUG[0m - __ASSET_JOB - 326bc497-bb82-4608-84de-c2b60f4ed203 - 4832 - staging_tables - ASSET_MATERIALIZATION - Materialized value staging_tables.
[32m2026-03-13 10:00:39 +0800[0m - dagster - [34mDEBUG[0m - __ASSET_JOB - 326bc497-bb82-4608-84de-c2b60f4ed203 - 4832 - staging_tables - STEP_SUCCESS - Finished execution of step "staging_tables" in 1m3s.
