[32m2026-03-08 22:23:18 +0800[0m - dagster - [34mDEBUG[0m - __ASSET_JOB - 26de3894-4e78-4b24-a72c-311166cadca7 - 658641 - LOGS_CAPTURED - Started capturing logs in process (pid: 658641).
[32m2026-03-08 22:23:18 +0800[0m - dagster - [34mDEBUG[0m - __ASSET_JOB - 26de3894-4e78-4b24-a72c-311166cadca7 - 658641 - dbt_warehouse - STEP_START - Started execution of step "dbt_warehouse".
[32m2026-03-08 22:24:02 +0800[0m - dagster - [34mINFO[0m - __ASSET_JOB - 26de3894-4e78-4b24-a72c-311166cadca7 - dbt_warehouse - [0m14:23:19  Running with dbt=1.10.17
[0m14:23:27  Registered adapter: bigquery=1.11.0
[0m14:23:28  Found 7 models, 16 data tests, 9 sources, 930 macros
[0m14:23:28  
[0m14:23:28  Concurrency: 1 threads (target='dev')
[0m14:23:28  
[0m14:23:29  1 of 7 START sql table model olist_data_warehouse.customers .................... [RUN]
[0m14:23:33  1 of 7 OK created sql table model olist_data_warehouse.customers ............... [[32mCREATE TABLE (99.4k rows, 31.6 MiB processed)[0m in 4.31s]
[0m14:23:33  2 of 7 START sql table model olist_data_warehouse.date ......................... [RUN]
[0m14:23:38  2 of 7 OK created sql table model olist_data_warehouse.date .................... [[32mCREATE TABLE (4.1k rows, 0 processed)[0m in 5.07s]
[0m14:23:38  3 of 7 START sql table model olist_data_warehouse.order_items .................. [RUN]
[0m14:23:43  3 of 7 OK created sql table model olist_data_warehouse.order_items ............. [[32mCREATE TABLE (112.7k rows, 22.0 MiB processed)[0m in 4.62s]
[0m14:23:43  4 of 7 START sql table model olist_data_warehouse.order_payments ............... [RUN]
[0m14:23:47  4 of 7 OK created sql table model olist_data_warehouse.order_payments .......... [[32mCREATE TABLE (103.9k rows, 6.9 MiB processed)[0m in 4.29s]
[0m14:23:47  5 of 7 START sql table model olist_data_warehouse.order_reviews ................ [RUN]
[0m14:23:52  5 of 7 OK created sql table model olist_data_warehouse.order_reviews ........... [[32mCREATE TABLE (99.2k rows, 14.1 MiB processed)[0m in 4.44s]
[0m14:23:52  6 of 7 START sql table model olist_data_warehouse.products ..................... [RUN]
[0m14:23:55  6 of 7 OK created sql table model olist_data_warehouse.products ................ [[32mCREATE TABLE (33.0k rows, 3.3 MiB processed)[0m in 3.29s]
[0m14:23:55  7 of 7 START sql table model olist_data_warehouse.sellers ...................... [RUN]
[0m14:23:59  7 of 7 OK created sql table model olist_data_warehouse.sellers ................. [[32mCREATE TABLE (3.1k rows, 23.1 MiB processed)[0m in 3.60s]
[0m14:23:59  
[0m14:23:59  Finished running 7 table models in 0 hours 0 minutes and 30.87 seconds (30.87s).
[0m14:23:59  
[0m14:23:59  [32mCompleted successfully[0m
[0m14:23:59  
[0m14:23:59  Done. PASS=7 WARN=0 ERROR=0 SKIP=0 NO-OP=0 TOTAL=7

[32m2026-03-08 22:24:02 +0800[0m - dagster - [34mDEBUG[0m - __ASSET_JOB - 26de3894-4e78-4b24-a72c-311166cadca7 - 658641 - dbt_warehouse - STEP_OUTPUT - Yielded output "result" of type "Any". (Type check passed).
[32m2026-03-08 22:24:02 +0800[0m - dagster - [34mDEBUG[0m - __ASSET_JOB - 26de3894-4e78-4b24-a72c-311166cadca7 - 658641 - dbt_warehouse - ASSET_MATERIALIZATION - Materialized value dbt_warehouse.
[32m2026-03-08 22:24:02 +0800[0m - dagster - [34mDEBUG[0m - __ASSET_JOB - 26de3894-4e78-4b24-a72c-311166cadca7 - 658641 - dbt_warehouse - STEP_SUCCESS - Finished execution of step "dbt_warehouse" in 41.7s.
